# JRE version: Java(TM) SE Runtime Environment (8.0_45-b14) (build 1.8.0_45-b14)
# Java VM: Java HotSpot(TM) 64-Bit Server VM (25.45-b02 mixed mode linux-amd64 compressed oops)
Heap:
 PSYoungGen      total 232960K, used 0K [0x00000000eab00000, 0x0000000100000000, 0x0000000100000000)
  eden space 116736K, 0% used [0x00000000eab00000,0x00000000eab00000,0x00000000f1d00000)
  from space 116224K, 0% used [0x00000000f8e80000,0x00000000f8e80000,0x0000000100000000)
  to   space 116224K, 0% used [0x00000000f1d00000,0x00000000f1d00000,0x00000000f8e80000)
 ParOldGen       total 290304K, used 263339K [0x00000000c0000000, 0x00000000d1b80000, 0x00000000eab00000)
  object space 290304K, 90% used [0x00000000c0000000,0x00000000d012ae08,0x00000000d1b80000)
 Metaspace       used 6820K, capacity 7608K, committed 7936K, reserved 1056768K
  class space    used 628K, capacity 688K, committed 768K, reserved 1048576K
GC Heap History (10 events):
Event: 37.336 GC heap after
Heap after GC invocations=14 (full 2):
 PSYoungGen      total 248832K, used 57717K [0x00000000eab00000, 0x0000000100000000, 0x0000000100000000)
  eden space 152576K, 0% used [0x00000000eab00000,0x00000000eab00000,0x00000000f4000000)
  from space 96256K, 59% used [0x00000000fa200000,0x00000000fda5d528,0x0000000100000000)
  to   space 98304K, 0% used [0x00000000f4000000,0x00000000f4000000,0x00000000fa000000)
 ParOldGen       total 290304K, used 177412K [0x00000000c0000000, 0x00000000d1b80000, 0x00000000eab00000)
  object space 290304K, 61% used [0x00000000c0000000,0x00000000cad41188,0x00000000d1b80000)
 Metaspace       used 6463K, capacity 7222K, committed 7296K, reserved 1056768K
  class space    used 609K, capacity 622K, committed 640K, reserved 1048576K
}
Event: 39.107 GC heap before
{Heap before GC invocations=15 (full 2):
 PSYoungGen      total 248832K, used 210293K [0x00000000eab00000, 0x0000000100000000, 0x0000000100000000)
  eden space 152576K, 100% used [0x00000000eab00000,0x00000000f4000000,0x00000000f4000000)
  from space 96256K, 59% used [0x00000000fa200000,0x00000000fda5d528,0x0000000100000000)
  to   space 98304K, 0% used [0x00000000f4000000,0x00000000f4000000,0x00000000fa000000)
 ParOldGen       total 290304K, used 177412K [0x00000000c0000000, 0x00000000d1b80000, 0x00000000eab00000)
  object space 290304K, 61% used [0x00000000c0000000,0x00000000cad41188,0x00000000d1b80000)
 Metaspace       used 6475K, capacity 7222K, committed 7296K, reserved 1056768K
  class space    used 609K, capacity 622K, committed 640K, reserved 1048576K
Event: 39.489 GC heap after
Heap after GC invocations=15 (full 2):
 PSYoungGen      total 228352K, used 75735K [0x00000000eab00000, 0x0000000100000000, 0x0000000100000000)
  eden space 152576K, 0% used [0x00000000eab00000,0x00000000eab00000,0x00000000f4000000)
  from space 75776K, 99% used [0x00000000f4000000,0x00000000f89f5f30,0x00000000f8a00000)
  to   space 105984K, 0% used [0x00000000f9880000,0x00000000f9880000,0x0000000100000000)
 ParOldGen       total 290304K, used 177412K [0x00000000c0000000, 0x00000000d1b80000, 0x00000000eab00000)
  object space 290304K, 61% used [0x00000000c0000000,0x00000000cad41188,0x00000000d1b80000)
 Metaspace       used 6475K, capacity 7222K, committed 7296K, reserved 1056768K
  class space    used 609K, capacity 622K, committed 640K, reserved 1048576K
}
Event: 41.772 GC heap before
{Heap before GC invocations=16 (full 2):
 PSYoungGen      total 228352K, used 228311K [0x00000000eab00000, 0x0000000100000000, 0x0000000100000000)
  eden space 152576K, 100% used [0x00000000eab00000,0x00000000f4000000,0x00000000f4000000)
  from space 75776K, 99% used [0x00000000f4000000,0x00000000f89f5f30,0x00000000f8a00000)
  to   space 105984K, 0% used [0x00000000f9880000,0x00000000f9880000,0x0000000100000000)
 ParOldGen       total 290304K, used 177412K [0x00000000c0000000, 0x00000000d1b80000, 0x00000000eab00000)
  object space 290304K, 61% used [0x00000000c0000000,0x00000000cad41188,0x00000000d1b80000)
 Metaspace       used 6479K, capacity 7286K, committed 7552K, reserved 1056768K
  class space    used 609K, capacity 622K, committed 640K, reserved 1048576K
Event: 42.361 GC heap after
Heap after GC invocations=16 (full 2):
 PSYoungGen      total 222720K, used 99565K [0x00000000eab00000, 0x0000000100000000, 0x0000000100000000)
  eden space 116736K, 0% used [0x00000000eab00000,0x00000000eab00000,0x00000000f1d00000)
  from space 105984K, 93% used [0x00000000f9880000,0x00000000ff9bb560,0x0000000100000000)
  to   space 116224K, 0% used [0x00000000f1d00000,0x00000000f1d00000,0x00000000f8e80000)
 ParOldGen       total 290304K, used 177412K [0x00000000c0000000, 0x00000000d1b80000, 0x00000000eab00000)
  object space 290304K, 61% used [0x00000000c0000000,0x00000000cad41188,0x00000000d1b80000)
 Metaspace       used 6479K, capacity 7286K, committed 7552K, reserved 1056768K
  class space    used 609K, capacity 622K, committed 640K, reserved 1048576K
}
Event: 43.850 GC heap before
{Heap before GC invocations=17 (full 2):
 PSYoungGen      total 222720K, used 216301K [0x00000000eab00000, 0x0000000100000000, 0x0000000100000000)
  eden space 116736K, 100% used [0x00000000eab00000,0x00000000f1d00000,0x00000000f1d00000)
  from space 105984K, 93% used [0x00000000f9880000,0x00000000ff9bb560,0x0000000100000000)
  to   space 116224K, 0% used [0x00000000f1d00000,0x00000000f1d00000,0x00000000f8e80000)
 ParOldGen       total 290304K, used 177412K [0x00000000c0000000, 0x00000000d1b80000, 0x00000000eab00000)
  object space 290304K, 61% used [0x00000000c0000000,0x00000000cad41188,0x00000000d1b80000)
 Metaspace       used 6482K, capacity 7286K, committed 7552K, reserved 1056768K
  class space    used 609K, capacity 622K, committed 640K, reserved 1048576K
Event: 44.528 GC heap after
Heap after GC invocations=17 (full 2):
 PSYoungGen      total 232960K, used 87211K [0x00000000eab00000, 0x0000000100000000, 0x0000000100000000)
  eden space 116736K, 0% used [0x00000000eab00000,0x00000000eab00000,0x00000000f1d00000)
  from space 116224K, 75% used [0x00000000f1d00000,0x00000000f722afe0,0x00000000f8e80000)
  to   space 116224K, 0% used [0x00000000f8e80000,0x00000000f8e80000,0x0000000100000000)
 ParOldGen       total 290304K, used 209275K [0x00000000c0000000, 0x00000000d1b80000, 0x00000000eab00000)
  object space 290304K, 72% used [0x00000000c0000000,0x00000000ccc5ecd8,0x00000000d1b80000)
 Metaspace       used 6482K, capacity 7286K, committed 7552K, reserved 1056768K
  class space    used 609K, capacity 622K, committed 640K, reserved 1048576K
}
Event: 52.104 GC heap before
{Heap before GC invocations=18 (full 2):
 PSYoungGen      total 232960K, used 203947K [0x00000000eab00000, 0x0000000100000000, 0x0000000100000000)
  eden space 116736K, 100% used [0x00000000eab00000,0x00000000f1d00000,0x00000000f1d00000)
  from space 116224K, 75% used [0x00000000f1d00000,0x00000000f722afe0,0x00000000f8e80000)
  to   space 116224K, 0% used [0x00000000f8e80000,0x00000000f8e80000,0x0000000100000000)
 ParOldGen       total 290304K, used 209275K [0x00000000c0000000, 0x00000000d1b80000, 0x00000000eab00000)
  object space 290304K, 72% used [0x00000000c0000000,0x00000000ccc5ecd8,0x00000000d1b80000)
 Metaspace       used 6820K, capacity 7608K, committed 7936K, reserved 1056768K
  class space    used 628K, capacity 688K, committed 768K, reserved 1048576K
Event: 52.653 GC heap after
Heap after GC invocations=18 (full 2):
 PSYoungGen      total 232960K, used 67970K [0x00000000eab00000, 0x0000000100000000, 0x0000000100000000)
  eden space 116736K, 0% used [0x00000000eab00000,0x00000000eab00000,0x00000000f1d00000)
  from space 116224K, 58% used [0x00000000f8e80000,0x00000000fd0e0aa8,0x0000000100000000)
  to   space 116224K, 0% used [0x00000000f1d00000,0x00000000f1d00000,0x00000000f8e80000)
 ParOldGen       total 290304K, used 252045K [0x00000000c0000000, 0x00000000d1b80000, 0x00000000eab00000)
  object space 290304K, 86% used [0x00000000c0000000,0x00000000cf623588,0x00000000d1b80000)
 Metaspace       used 6820K, capacity 7608K, committed 7936K, reserved 1056768K
  class space    used 628K, capacity 688K, committed 768K, reserved 1048576K
}
Event: 52.653 GC heap before
{Heap before GC invocations=19 (full 3):
 PSYoungGen      total 232960K, used 67970K [0x00000000eab00000, 0x0000000100000000, 0x0000000100000000)
  eden space 116736K, 0% used [0x00000000eab00000,0x00000000eab00000,0x00000000f1d00000)
  from space 116224K, 58% used [0x00000000f8e80000,0x00000000fd0e0aa8,0x0000000100000000)
  to   space 116224K, 0% used [0x00000000f1d00000,0x00000000f1d00000,0x00000000f8e80000)
 ParOldGen       total 290304K, used 252045K [0x00000000c0000000, 0x00000000d1b80000, 0x00000000eab00000)
  object space 290304K, 86% used [0x00000000c0000000,0x00000000cf623588,0x00000000d1b80000)
 Metaspace       used 6820K, capacity 7608K, committed 7936K, reserved 1056768K
  class space    used 628K, capacity 688K, committed 768K, reserved 1048576K

