# JRE version: Java(TM) SE Runtime Environment (8.0_45-b14) (build 1.8.0_45-b14)
# Java VM: Java HotSpot(TM) 64-Bit Server VM (25.45-b02 mixed mode linux-amd64 compressed oops)
Heap:
 PSYoungGen      total 215040K, used 21298K [0x00000000eab00000, 0x0000000100000000, 0x0000000100000000)
  eden space 116736K, 0% used [0x00000000eab00000,0x00000000eab00000,0x00000000f1d00000)
  from space 98304K, 21% used [0x00000000fa000000,0x00000000fb4ccbe8,0x0000000100000000)
  to   space 116224K, 0% used [0x00000000f1d00000,0x00000000f1d00000,0x00000000f8e80000)
 ParOldGen       total 282112K, used 281783K [0x00000000c0000000, 0x00000000d1380000, 0x00000000eab00000)
  object space 282112K, 99% used [0x00000000c0000000,0x00000000d132df48,0x00000000d1380000)
 Metaspace       used 6606K, capacity 7384K, committed 7680K, reserved 1056768K
  class space    used 616K, capacity 656K, committed 768K, reserved 1048576K
GC Heap History (10 events):
Event: 17.511 GC heap after
Heap after GC invocations=14 (full 2):
 PSYoungGen      total 263680K, used 41838K [0x00000000eab00000, 0x00000000ffd00000, 0x0000000100000000)
  eden space 184320K, 0% used [0x00000000eab00000,0x00000000eab00000,0x00000000f5f00000)
  from space 79360K, 52% used [0x00000000faf80000,0x00000000fd85b808,0x00000000ffd00000)
  to   space 80896K, 0% used [0x00000000f5f00000,0x00000000f5f00000,0x00000000fae00000)
 ParOldGen       total 282112K, used 168864K [0x00000000c0000000, 0x00000000d1380000, 0x00000000eab00000)
  object space 282112K, 59% used [0x00000000c0000000,0x00000000ca4e82b8,0x00000000d1380000)
 Metaspace       used 6467K, capacity 7222K, committed 7296K, reserved 1056768K
  class space    used 609K, capacity 622K, committed 640K, reserved 1048576K
}
Event: 18.912 GC heap before
{Heap before GC invocations=15 (full 2):
 PSYoungGen      total 263680K, used 226158K [0x00000000eab00000, 0x00000000ffd00000, 0x0000000100000000)
  eden space 184320K, 100% used [0x00000000eab00000,0x00000000f5f00000,0x00000000f5f00000)
  from space 79360K, 52% used [0x00000000faf80000,0x00000000fd85b808,0x00000000ffd00000)
  to   space 80896K, 0% used [0x00000000f5f00000,0x00000000f5f00000,0x00000000fae00000)
 ParOldGen       total 282112K, used 168864K [0x00000000c0000000, 0x00000000d1380000, 0x00000000eab00000)
  object space 282112K, 59% used [0x00000000c0000000,0x00000000ca4e82b8,0x00000000d1380000)
 Metaspace       used 6476K, capacity 7286K, committed 7552K, reserved 1056768K
  class space    used 609K, capacity 622K, committed 640K, reserved 1048576K
Event: 19.097 GC heap after
Heap after GC invocations=15 (full 2):
 PSYoungGen      total 244224K, used 59717K [0x00000000eab00000, 0x0000000100000000, 0x0000000100000000)
  eden space 184320K, 0% used [0x00000000eab00000,0x00000000eab00000,0x00000000f5f00000)
  from space 59904K, 99% used [0x00000000f5f00000,0x00000000f99517d0,0x00000000f9980000)
  to   space 86016K, 0% used [0x00000000fac00000,0x00000000fac00000,0x0000000100000000)
 ParOldGen       total 282112K, used 179523K [0x00000000c0000000, 0x00000000d1380000, 0x00000000eab00000)
  object space 282112K, 63% used [0x00000000c0000000,0x00000000caf50e20,0x00000000d1380000)
 Metaspace       used 6476K, capacity 7286K, committed 7552K, reserved 1056768K
  class space    used 609K, capacity 622K, committed 640K, reserved 1048576K
}
Event: 20.340 GC heap before
{Heap before GC invocations=16 (full 2):
 PSYoungGen      total 244224K, used 244037K [0x00000000eab00000, 0x0000000100000000, 0x0000000100000000)
  eden space 184320K, 100% used [0x00000000eab00000,0x00000000f5f00000,0x00000000f5f00000)
  from space 59904K, 99% used [0x00000000f5f00000,0x00000000f99517d0,0x00000000f9980000)
  to   space 86016K, 0% used [0x00000000fac00000,0x00000000fac00000,0x0000000100000000)
 ParOldGen       total 282112K, used 179523K [0x00000000c0000000, 0x00000000d1380000, 0x00000000eab00000)
  object space 282112K, 63% used [0x00000000c0000000,0x00000000caf50e20,0x00000000d1380000)
 Metaspace       used 6488K, capacity 7286K, committed 7552K, reserved 1056768K
  class space    used 609K, capacity 622K, committed 640K, reserved 1048576K
Event: 20.592 GC heap after
Heap after GC invocations=16 (full 2):
 PSYoungGen      total 238592K, used 83069K [0x00000000eab00000, 0x0000000100000000, 0x0000000100000000)
  eden space 152576K, 0% used [0x00000000eab00000,0x00000000eab00000,0x00000000f4000000)
  from space 86016K, 96% used [0x00000000fac00000,0x00000000ffd1f4b0,0x0000000100000000)
  to   space 98304K, 0% used [0x00000000f4000000,0x00000000f4000000,0x00000000fa000000)
 ParOldGen       total 282112K, used 179523K [0x00000000c0000000, 0x00000000d1380000, 0x00000000eab00000)
  object space 282112K, 63% used [0x00000000c0000000,0x00000000caf50e20,0x00000000d1380000)
 Metaspace       used 6488K, capacity 7286K, committed 7552K, reserved 1056768K
  class space    used 609K, capacity 622K, committed 640K, reserved 1048576K
}
Event: 21.729 GC heap before
{Heap before GC invocations=17 (full 2):
 PSYoungGen      total 238592K, used 235645K [0x00000000eab00000, 0x0000000100000000, 0x0000000100000000)
  eden space 152576K, 100% used [0x00000000eab00000,0x00000000f4000000,0x00000000f4000000)
  from space 86016K, 96% used [0x00000000fac00000,0x00000000ffd1f4b0,0x0000000100000000)
  to   space 98304K, 0% used [0x00000000f4000000,0x00000000f4000000,0x00000000fa000000)
 ParOldGen       total 282112K, used 179523K [0x00000000c0000000, 0x00000000d1380000, 0x00000000eab00000)
  object space 282112K, 63% used [0x00000000c0000000,0x00000000caf50e20,0x00000000d1380000)
 Metaspace       used 6495K, capacity 7286K, committed 7552K, reserved 1056768K
  class space    used 609K, capacity 622K, committed 640K, reserved 1048576K
Event: 21.991 GC heap after
Heap after GC invocations=17 (full 2):
 PSYoungGen      total 250880K, used 98285K [0x00000000eab00000, 0x0000000100000000, 0x0000000100000000)
  eden space 152576K, 0% used [0x00000000eab00000,0x00000000eab00000,0x00000000f4000000)
  from space 98304K, 99% used [0x00000000f4000000,0x00000000f9ffb408,0x00000000fa000000)
  to   space 98304K, 0% used [0x00000000fa000000,0x00000000fa000000,0x0000000100000000)
 ParOldGen       total 282112K, used 190441K [0x00000000c0000000, 0x00000000d1380000, 0x00000000eab00000)
  object space 282112K, 67% used [0x00000000c0000000,0x00000000cb9fa7c8,0x00000000d1380000)
 Metaspace       used 6495K, capacity 7286K, committed 7552K, reserved 1056768K
  class space    used 609K, capacity 622K, committed 640K, reserved 1048576K
}
Event: 25.192 GC heap before
{Heap before GC invocations=18 (full 2):
 PSYoungGen      total 250880K, used 250861K [0x00000000eab00000, 0x0000000100000000, 0x0000000100000000)
  eden space 152576K, 100% used [0x00000000eab00000,0x00000000f4000000,0x00000000f4000000)
  from space 98304K, 99% used [0x00000000f4000000,0x00000000f9ffb408,0x00000000fa000000)
  to   space 98304K, 0% used [0x00000000fa000000,0x00000000fa000000,0x0000000100000000)
 ParOldGen       total 282112K, used 190441K [0x00000000c0000000, 0x00000000d1380000, 0x00000000eab00000)
  object space 282112K, 67% used [0x00000000c0000000,0x00000000cb9fa7c8,0x00000000d1380000)
 Metaspace       used 6606K, capacity 7384K, committed 7680K, reserved 1056768K
  class space    used 616K, capacity 656K, committed 768K, reserved 1048576K
Event: 25.667 GC heap after
Heap after GC invocations=18 (full 2):
 PSYoungGen      total 215040K, used 66040K [0x00000000eab00000, 0x0000000100000000, 0x0000000100000000)
  eden space 116736K, 0% used [0x00000000eab00000,0x00000000eab00000,0x00000000f1d00000)
  from space 98304K, 67% used [0x00000000fa000000,0x00000000fe07e098,0x0000000100000000)
  to   space 116224K, 0% used [0x00000000f1d00000,0x00000000f1d00000,0x00000000f8e80000)
 ParOldGen       total 282112K, used 245117K [0x00000000c0000000, 0x00000000d1380000, 0x00000000eab00000)
  object space 282112K, 86% used [0x00000000c0000000,0x00000000cef5f448,0x00000000d1380000)
 Metaspace       used 6606K, capacity 7384K, committed 7680K, reserved 1056768K
  class space    used 616K, capacity 656K, committed 768K, reserved 1048576K
}
Event: 25.667 GC heap before
{Heap before GC invocations=19 (full 3):
 PSYoungGen      total 215040K, used 66040K [0x00000000eab00000, 0x0000000100000000, 0x0000000100000000)
  eden space 116736K, 0% used [0x00000000eab00000,0x00000000eab00000,0x00000000f1d00000)
  from space 98304K, 67% used [0x00000000fa000000,0x00000000fe07e098,0x0000000100000000)
  to   space 116224K, 0% used [0x00000000f1d00000,0x00000000f1d00000,0x00000000f8e80000)
 ParOldGen       total 282112K, used 245117K [0x00000000c0000000, 0x00000000d1380000, 0x00000000eab00000)
  object space 282112K, 86% used [0x00000000c0000000,0x00000000cef5f448,0x00000000d1380000)
 Metaspace       used 6606K, capacity 7384K, committed 7680K, reserved 1056768K
  class space    used 616K, capacity 656K, committed 768K, reserved 1048576K

